[0.001][INFO]:      ChromeDriver 26.0.1383.0 /usr/local/bin/chromedriver
[0.227][FINE]:      Initializing session with capabilities {
   "browserName": "chrome",
   "chrome.detach": true,
   "chromeOptions": {
      "detach": true
   },
   "cssSelectorsEnabled": true,
   "javascriptEnabled": true,
   "nativeEvents": false,
   "platform": "ANY",
   "rotatable": false,
   "takesScreenshot": false,
   "version": ""
}

[0.228][INFO]:      Using named testing interface
[0.640][INFO]:      Connected to Chrome successfully. Version: 27.0.1453.116
[0.685][FINE]:      Command received (/session/cf286f09e70ec4b7b1e4713e02b01de2)
[0.685][FINE]:      Command finished (/session/cf286f09e70ec4b7b1e4713e02b01de2) with response {
   "sessionId": "cf286f09e70ec4b7b1e4713e02b01de2",
   "status": 0,
   "value": {
      "acceptSslCerts": false,
      "applicationCacheEnabled": false,
      "browserConnectionEnabled": false,
      "browserName": "chrome",
      "chrome.chromedriverVersion": "26.0.1383.0",
      "cssSelectorsEnabled": true,
      "databaseEnabled": false,
      "handlesAlerts": true,
      "javascriptEnabled": true,
      "locationContextEnabled": false,
      "nativeEvents": true,
      "platform": "mac",
      "rotatable": false,
      "takesScreenshot": true,
      "version": "27.0.1453.116",
      "webStorageEnabled": true
   }
}

[0.688][FINE]:      Command received (/session/cf286f09e70ec4b7b1e4713e02b01de2/url) with params {
   "url": "http://moduscreate.com//training"
}

[0.688][FINER]:     Waiting for all views to stop loading...
[0.688][FINER]:     Done waiting for all views to stop loading
[3.679][FINER]:     Waiting for all views to stop loading...
[3.717][FINER]:     Done waiting for all views to stop loading
[3.717][FINE]:      Command finished (/session/cf286f09e70ec4b7b1e4713e02b01de2/url) with response {
   "sessionId": "cf286f09e70ec4b7b1e4713e02b01de2",
   "status": 0,
   "value": {

   }
}

