Tue Nov 05 17:08:38 EST 2013  [debug] AvalonLogChute initialized using file '/Users/fyousuf/Echo360AutomationDemo/cucumber-html-reports/velocity.log'
Tue Nov 05 17:08:38 EST 2013  [trace] *******************************************************************
Tue Nov 05 17:08:38 EST 2013  [debug] Starting Jakarta Velocity v1.5-SNAPSHOT (compiled: 2006-07-21 06:25:35)
Tue Nov 05 17:08:38 EST 2013  [trace] RuntimeInstance initializing.
Tue Nov 05 17:08:38 EST 2013  [debug] Default Properties File: org/apache/velocity/runtime/defaults/velocity.properties
Tue Nov 05 17:08:38 EST 2013  [debug] Trying to use logger class org.apache.velocity.runtime.log.AvalonLogChute
Tue Nov 05 17:08:38 EST 2013  [debug] Using logger class org.apache.velocity.runtime.log.AvalonLogChute
Tue Nov 05 17:08:38 EST 2013  [debug] Default ResourceManager initializing. (class org.apache.velocity.runtime.resource.ResourceManagerImpl)
Tue Nov 05 17:08:38 EST 2013  [debug] ResourceLoader instantiated: org.apache.velocity.runtime.resource.loader.ClasspathResourceLoader
Tue Nov 05 17:08:38 EST 2013  [trace] ClasspathResourceLoader : initialization complete.
Tue Nov 05 17:08:38 EST 2013  [debug] ResourceCache: initialized (class org.apache.velocity.runtime.resource.ResourceCacheImpl)
Tue Nov 05 17:08:38 EST 2013  [trace] Default ResourceManager initialization complete.
Tue Nov 05 17:08:38 EST 2013  [debug] Loaded System Directive: org.apache.velocity.runtime.directive.Literal
Tue Nov 05 17:08:38 EST 2013  [debug] Loaded System Directive: org.apache.velocity.runtime.directive.Macro
Tue Nov 05 17:08:38 EST 2013  [debug] Loaded System Directive: org.apache.velocity.runtime.directive.Parse
Tue Nov 05 17:08:38 EST 2013  [debug] Loaded System Directive: org.apache.velocity.runtime.directive.Include
Tue Nov 05 17:08:38 EST 2013  [debug] Loaded System Directive: org.apache.velocity.runtime.directive.Foreach
Tue Nov 05 17:08:38 EST 2013  [debug] Created '20' parsers.
Tue Nov 05 17:08:38 EST 2013  [trace] Velocimacro : initialization starting.
Tue Nov 05 17:08:38 EST 2013  [debug] Velocimacro : "velocimacro.library" is not set.  Trying default library: VM_global_library.vm
Tue Nov 05 17:08:38 EST 2013  [debug] Velocimacro : Default library not found.
Tue Nov 05 17:08:38 EST 2013  [debug] Velocimacro : allowInline = true : VMs can be defined inline in templates
Tue Nov 05 17:08:38 EST 2013  [debug] Velocimacro : allowInlineToOverride = false : VMs defined inline may NOT replace previous VM definitions
Tue Nov 05 17:08:38 EST 2013  [debug] Velocimacro : allowInlineLocal = false : VMs defined inline will be global in scope if allowed.
Tue Nov 05 17:08:38 EST 2013  [debug] Velocimacro : autoload off : VM system will not automatically reload global library macros
Tue Nov 05 17:08:38 EST 2013  [trace] Velocimacro : initialization complete.
Tue Nov 05 17:08:38 EST 2013  [trace] RuntimeInstance successfully initialized.
Tue Nov 05 17:08:38 EST 2013  [debug] ResourceManager : found templates/tagOverview.vm with loader org.apache.velocity.runtime.resource.loader.ClasspathResourceLoader
